Download is Started (3 Jan 2024, 09:12:13)

  Error (HTTP code 404) - 'https://creazione.avanzare.co/legendary/demo/'
  Error - Connection reset (https://fonts.gstatic.com/s/opensans/v40/memSYaGs126MiZpBA-UvWbX2vVnXBbObj2OVZyOOSr4dVJWUgsg-1x4gaVc.ttf)
  Error (HTTP code 404) - 'https://creazione.avanzare.co/legendary/demo/assets/videos/1.mp4|assets/videos/1.webm'
  Error (HTTP code 404) - 'https://creazione.avanzare.co/legendary/demo/assets/img/cbp-sprite.png'
  Error (HTTP code 404) - 'https://creazione.avanzare.co/legendary/demo/assets/css/overlays/02.png'
  Error (HTTP code 404) - 'https://creazione.avanzare.co/legendary/demo/pages/ajax/assets/videos/1.mp4|assets/videos/1.webm'
  Error (HTTP code 404) - 'https://creazione.avanzare.co/legendary/demo/pages/ajax/popups/showcases/assets/images/popup/showcase/1.jpg'
  Error (HTTP code 404) - 'https://creazione.avanzare.co/legendary/demo/pages/ajax/popups/showcases/assets/images/popup/showcase/2.jpg'
  Error (HTTP code 404) - 'https://creazione.avanzare.co/legendary/demo/pages/ajax/popups/showcases/assets/images/popup/showcase/3.jpg'
  Error (HTTP code 404) - 'https://creazione.avanzare.co/legendary/demo/pages/ajax/popups/showcases/assets/images/popup/showcase/4.jpg'
  Error (HTTP code 404) - 'https://creazione.avanzare.co/legendary/demo/pages/ajax/popups/showcases/'
  Error (HTTP code 404) - 'https://creazione.avanzare.co/legendary/demo/pages/ajax/popups/showcases/assets/videos/1.mp4'
  Error (HTTP code 404) - 'https://creazione.avanzare.co/legendary/demo/pages/ajax/pages/ajax/popups/showcases/showcase-popup-minimal-v2-video.html'
  Error (HTTP code 404) - 'https://creazione.avanzare.co/legendary/demo/pages/ajax/assets/images/work/13.jpg'
  Error (HTTP code 404) - 'https://creazione.avanzare.co/legendary/demo/pages/ajax/pages/ajax/popups/showcases/showcase-popup-full-page-image.html'
  Error (HTTP code 404) - 'https://creazione.avanzare.co/legendary/demo/pages/ajax/assets/images/work/14.jpg'
  Error (HTTP code 404) - 'https://creazione.avanzare.co/legendary/demo/pages/ajax/pages/ajax/popups/showcases/showcase-popup-full-page-video.html'
  Error (HTTP code 404) - 'https://creazione.avanzare.co/legendary/demo/pages/ajax/assets/images/work/15.jpg'
  Error (HTTP code 404) - 'https://creazione.avanzare.co/legendary/demo/pages/ajax/assets/images/work/16.jpg'
  Error (HTTP code 404) - 'https://creazione.avanzare.co/legendary/demo/pages/ajax/assets/images/popup/showcase/1.jpg'
  Error (HTTP code 404) - 'https://creazione.avanzare.co/legendary/demo/pages/ajax/assets/images/work/17.jpg'
  Error (HTTP code 404) - 'https://creazione.avanzare.co/legendary/demo/pages/ajax/assets/images/work/18.jpg'
  Error (HTTP code 404) - 'https://creazione.avanzare.co/legendary/demo/pages/ajax/assets/images/work/20.jpg'
  Error (HTTP code 404) - 'https://creazione.avanzare.co/legendary/demo/pages/ajax/assets/images/work/19.jpg'
  Error (HTTP code 404) - 'https://creazione.avanzare.co/legendary/demo/pages/ajax/assets/images/work/21.jpg'
  Error (HTTP code 404) - 'https://creazione.avanzare.co/legendary/demo/pages/ajax/popups/news/assets/images/popup/news/1.jpg'

Download is Completed (3 Jan 2024, 09:12:45)

Summary:
 Number of Files: 65      Total Size: 9.1 MB
